<?xml version='1.0' encoding='UTF-8'?>
<testsuite hostname="DESKTOP-6QKGUQ1" name="MaxFinderTest" tests="1" errors="0" failures="1" skipped="0" time="0.792" timestamp="2025-09-09T15:05:07">
          <properties>
[...]
</properties>
          <testcase classname="MaxFinderTest" name="MaxFinder should find the maximum value in a Vec" time="0.792">
                      <failure message="Connection between sink (MaxFinder.io.in[0]: IO[UInt&lt;8&gt;]) and source (MaxFinder.io.in[0]: IO[UInt&lt;8&gt;]) failed @: io.in[0] in MaxFinder cannot be written from module MaxFinder." type="chisel3.package$ChiselException">chisel3.package$ChiselException: Connection between sink (MaxFinder.io.in[0]: IO[UInt&lt;8&gt;]) and source (MaxFinder.io.in[0]: IO[UInt&lt;8&gt;]) failed @: io.in[0] in MaxFinder cannot be written from module MaxFinder.
	at ... ()
	at MaxFinder.$anonfun$new$1(MaxFinder.scala:17)
	at MaxFinder.$anonfun$new$1$adapted(MaxFinder.scala:16)
	at scala.collection.immutable.Range.foreach(Range.scala:192)
	at MaxFinder.&lt;init&gt;(MaxFinder.scala:16)
	at MaxFinderTest.$anonfun$new$2(MaxFinderTest.scala:8)
	at chisel3.Module$.evaluate(Module.scala:88)
	at chisel3.Module$.do_apply(Module.scala:35)
	at chisel3.stage.phases.Elaborate.$anonfun$transform$2(Elaborate.scala:53)
	at chisel3.internal.Builder$.$anonfun$buildImpl$1(Builder.scala:1044)
	at scala.util.DynamicVariable.withValue(DynamicVariable.scala:59)
	at chisel3.internal.Builder$.buildImpl(Builder.scala:1034)
	at chisel3.internal.Builder$.$anonfun$build$1(Builder.scala:1025)
	at logger.Logger$.$anonfun$makeScope$4(Logger.scala:148)
	at scala.util.DynamicVariable.withValue(DynamicVariable.scala:59)
	at logger.Logger$.makeScope(Logger.scala:146)
	at logger.Logger$.makeScope(Logger.scala:133)
	at ... ()
	at ... (Stack trace trimmed to user code only. Rerun with --full-stacktrace to see the full stack trace)
</failure>
                    </testcase>
          <system-out><![CDATA[]]></system-out>
          <system-err><![CDATA[]]></system-err>
        </testsuite>